TN:
SF:src/TandaPay.sol
FN:32,Context._msgSender
FNDA:3215,Context._msgSender
DA:34,3215
FN:35,Context._msgData
FNDA:1,Context._msgData
DA:38,1
FN:48,ReentrancyGuard.
FNDA:9,ReentrancyGuard.
DA:49,7
FN:51,ReentrancyGuard.nonReentrant
FNDA:2,ReentrancyGuard.nonReentrant
DA:52,0
DA:55,0
FN:56,ReentrancyGuard._nonReentrantBefore
FNDA:13,ReentrancyGuard._nonReentrantBefore
DA:59,13
DA:61,0
BRDA:61,0,0,-
DA:63,13
FN:64,ReentrancyGuard._nonReentrantAfter
FNDA:7,ReentrancyGuard._nonReentrantAfter
DA:66,7
FN:69,ReentrancyGuard._reentrancyGuardEntered
FNDA:2,ReentrancyGuard._reentrancyGuardEntered
DA:73,2
FN:89,Secretary.
FNDA:5,Secretary.
DA:91,5
DA:92,7
BRDA:92,0,0,7
DA:94,7
DA:95,11
FN:96,Secretary.onlySecretary
FNDA:5,Secretary.onlySecretary
DA:97,0
FN:98,Secretary.secretary
FNDA:3224,Secretary.secretary
DA:101,3224
FN:104,Secretary.getSecretarySuccessors
FNDA:30,Secretary.getSecretarySuccessors
DA:106,30
FN:109,Secretary.getUpcomingSecretary
FNDA:15,Secretary.getUpcomingSecretary
DA:110,15
FN:113,Secretary.getEmergencySecretaries
FNDA:17,Secretary.getEmergencySecretaries
DA:114,17
FN:117,Secretary.getIsHandingOver
FNDA:8,Secretary.getIsHandingOver
DA:117,8
FN:118,Secretary.getEmergencyHandOverStartedPeriod
FNDA:12,Secretary.getEmergencyHandOverStartedPeriod
DA:122,12
FN:125,Secretary.getHandoverStartedAt
FNDA:2,Secretary.getHandoverStartedAt
DA:126,2
FN:126,Secretary.getEmergencyHandoverStartedAt
FNDA:21,Secretary.getEmergencyHandoverStartedAt
DA:129,21
FN:131,Secretary._checkSecretary
FNDA:3214,Secretary._checkSecretary
DA:133,3214
DA:134,13
BRDA:134,1,0,13
FN:136,Secretary._transferSecretary
FNDA:14,Secretary._transferSecretary
DA:138,16
DA:142,13
FN:379,TandaPay.
FNDA:2,TandaPay.
DA:382,4
DA:384,4
FN:388,TandaPay.addToCommunity
FNDA:1372,TandaPay.addToCommunity
DA:391,1372
DA:394,4
DA:395,2
BRDA:395,0,0,2
DA:398,2
DA:399,1
BRDA:399,1,0,1
DA:400,1369
DA:403,1369
DA:404,1369
DA:405,1369
DA:406,1369
DA:407,1369
DA:410,1369
FN:411,TandaPay.createSubGroup
FNDA:302,TandaPay.createSubGroup
DA:413,302
DA:414,302
DA:415,302
DA:416,302
FN:417,TandaPay.assignToSubGroup
FNDA:1164,TandaPay.assignToSubGroup
DA:420,1164
DA:423,1164
DA:425,1164
BRDA:425,2,0,1
DA:426,1
DA:427,1163
DA:428,1
BRDA:428,3,0,1
DA:430,1
DA:431,1162
DA:434,4
BRDA:434,4,0,4
BRDA:433,4,1,1
DA:435,1
BRDA:435,5,0,1
DA:436,3
DA:438,1158
DA:441,3
DA:444,1161
DA:445,298
BRDA:445,6,0,3
BRDA:444,6,1,1
DA:447,3
BRDA:447,7,0,286
DA:449,1
BRDA:449,8,0,1
DA:450,1
DA:452,3
FN:454,TandaPay.joinToCommunity
FNDA:1061,TandaPay.joinToCommunity
DA:454,1061
DA:456,2
BRDA:456,9,0,2
DA:457,1059
DA:460,1059
DA:462,1
BRDA:462,10,0,1
DA:463,1058
DA:464,1058
DA:467,1058
DA:470,1058
DA:471,1058
DA:472,1058
DA:475,1058
DA:476,1058
FN:478,TandaPay.initiatDefaultStateAndSetCoverage
FNDA:98,TandaPay.initiatDefaultStateAndSetCoverage
DA:481,98
DA:482,1
BRDA:482,11,0,1
DA:483,97
BRDA:483,12,0,2
DA:484,2
DA:485,95
DA:486,283
DA:487,1
BRDA:487,13,0,1
DA:490,94
DA:491,94
DA:492,94
DA:493,94
FN:494,TandaPay.approveSubGroupAssignment
FNDA:926,TandaPay.approveSubGroupAssignment
DA:496,926
DA:500,926
BRDA:500,14,0,1
DA:501,925
DA:506,923
BRDA:506,15,0,923
BRDA:505,15,1,2
DA:507,3
BRDA:507,16,0,3
BRDA:506,16,1,920
DA:510,920
DA:512,2
DA:514,2
DA:515,4
DA:518,2
BRDA:518,17,0,2
DA:519,2
DA:523,2
DA:524,2
DA:526,923
FN:530,TandaPay.approveNewSubgroupMember
FNDA:4,TandaPay.approveNewSubgroupMember
DA:533,4
DA:535,4
DA:537,4
BRDA:537,18,0,1
DA:538,3
DA:539,3
DA:541,14
DA:542,13
DA:543,2
BRDA:543,19,0,2
DA:544,2
DA:545,0
DA:548,2
BRDA:548,20,0,1
DA:549,1
DA:551,1
BRDA:551,21,0,1
BRDA:550,21,1,1
DA:552,1
DA:553,1
DA:554,1
DA:556,2
FN:559,TandaPay.exitSubGroup
FNDA:12,TandaPay.exitSubGroup
DA:559,12
DA:563,12
DA:565,1
BRDA:565,22,0,1
DA:566,1
DA:567,11
DA:570,11
DA:571,23
DA:572,23
BRDA:572,23,0,10
DA:574,10
DA:575,1
BRDA:575,24,0,1
DA:577,1
DA:578,10
DA:579,49
DA:580,39
DA:581,10
BRDA:581,25,0,10
DA:583,10
DA:584,10
DA:587,8
BRDA:587,26,0,8
BRDA:585,26,1,2
DA:588,8
DA:589,2
DA:590,10
DA:592,10
DA:594,8
BRDA:594,27,0,8
DA:595,8
DA:597,29
DA:598,29
DA:603,10
FN:604,TandaPay.whitelistClaim
FNDA:23,TandaPay.whitelistClaim
DA:606,23
DA:608,1
BRDA:608,28,0,1
DA:610,1
DA:611,22
DA:612,22
DA:613,21
DA:614,1
BRDA:614,29,0,1
DA:615,21
DA:618,21
DA:619,1
BRDA:619,30,0,1
DA:621,1
DA:622,20
DA:624,19
DA:629,1
BRDA:629,31,0,1
DA:630,1
DA:631,19
DA:632,19
FN:633,TandaPay.defects
FNDA:15,TandaPay.defects
DA:635,15
DA:637,15
DA:640,15
DA:641,1
BRDA:641,32,0,1
DA:642,14
DA:643,14
DA:645,13
DA:648,1
BRDA:648,33,0,1
DA:650,13
DA:653,1
BRDA:653,34,0,1
DA:654,12
DA:655,3
BRDA:655,35,0,3
BRDA:654,35,1,9
DA:657,9
DA:658,9
DA:661,9
DA:662,43
DA:666,9
BRDA:666,36,0,9
DA:667,9
DA:668,9
DA:669,9
DA:673,9
DA:674,9
DA:677,12
DA:679,12
DA:680,3
DA:681,12
DA:682,12
BRDA:682,37,0,12
DA:683,12
DA:684,144
DA:687,144
BRDA:687,38,0,11
DA:688,11
DA:689,12
BRDA:689,39,0,2
DA:690,2
DA:692,12
DA:694,12
BRDA:694,40,0,9
DA:696,12
FN:697,TandaPay.payPremium
FNDA:1209,TandaPay.payPremium
DA:699,1
BRDA:699,41,0,1
DA:700,1208
DA:701,45
DA:702,1
BRDA:702,42,0,1
DA:705,1207
BRDA:705,43,0,1207
DA:706,1207
DA:709,1206
DA:711,1
BRDA:711,44,0,1
DA:713,1206
DA:716,1206
DA:719,1206
DA:721,1
BRDA:721,45,0,1
DA:722,1205
DA:724,1
BRDA:724,46,0,1
DA:725,1
DA:729,1204
DA:730,1203
DA:731,1202
DA:732,2
BRDA:732,47,0,2
DA:734,1202
DA:735,1202
DA:736,1202
DA:737,1202
DA:738,915
BRDA:738,48,0,915
DA:739,1202
DA:741,292
BRDA:741,49,0,292
DA:742,292
DA:745,292
DA:747,292
DA:751,1202
BRDA:751,50,0,947
DA:754,1202
DA:756,1202
DA:757,915
BRDA:757,51,0,915
DA:758,1202
DA:764,1202
DA:765,1202
BRDA:765,52,0,1202
DA:766,903
BRDA:766,53,0,903
DA:767,903
DA:768,1202
DA:770,1202
DA:771,1202
FN:773,TandaPay.updateCoverageAmount
FNDA:2,TandaPay.updateCoverageAmount
DA:775,2
DA:777,2
DA:778,1
BRDA:778,54,0,1
DA:779,1
DA:780,1
BRDA:780,55,0,-
DA:781,1
DA:782,1
DA:783,13
DA:784,13
DA:785,12
BRDA:785,56,0,12
DA:787,1
DA:788,1
DA:790,1
FN:790,TandaPay.defineSecretarySuccessor
FNDA:29,TandaPay.defineSecretarySuccessor
DA:795,29
BRDA:795,57,0,18
BRDA:795,57,1,1
DA:796,1
BRDA:796,58,0,1
DA:798,11
DA:799,1
BRDA:799,59,0,1
DA:800,2
DA:801,1
BRDA:801,60,0,1
DA:804,27
DA:805,107
DA:806,81
DA:808,80
BRDA:808,61,0,80
DA:810,80
DA:811,81
BRDA:811,62,0,1
DA:812,80
DA:815,26
FN:817,TandaPay.handoverSecretary
FNDA:10,TandaPay.handoverSecretary
DA:820,10
BRDA:820,63,0,9
DA:821,9
DA:822,9
DA:823,11
DA:824,10
DA:825,8
BRDA:825,64,0,8
DA:828,8
DA:830,8
BRDA:830,65,0,1
DA:831,9
DA:832,9
DA:833,9
DA:835,9
FN:837,TandaPay.secretaryAcceptance
FNDA:6,TandaPay.secretaryAcceptance
DA:840,6
BRDA:840,66,0,1
DA:843,5
DA:846,17
DA:847,17
DA:848,4
BRDA:848,67,0,4
DA:849,4
DA:850,5
BRDA:850,68,0,1
DA:851,1
DA:852,4
BRDA:852,69,0,1
BRDA:852,69,1,1
DA:853,1
DA:855,1
DA:857,3
DA:858,2
DA:860,1
BRDA:860,70,0,1
DA:861,1
DA:862,1
DA:866,1
DA:869,3
DA:871,2
DA:872,2
DA:873,1
BRDA:873,71,0,1
DA:874,2
DA:875,1
BRDA:875,72,0,1
BRDA:874,72,1,1
DA:876,1
DA:879,1
DA:883,1
DA:885,1
DA:886,2
FN:886,TandaPay.emergencyHandOverSecretary
FNDA:24,TandaPay.emergencyHandOverSecretary
DA:890,24
DA:891,23
DA:895,22
BRDA:895,73,0,22
DA:896,24
BRDA:896,74,0,2
DA:897,2
DA:898,22
DA:899,108
DA:902,86
BRDA:902,75,0,21
DA:903,21
BRDA:903,76,0,1
DA:904,1
DA:905,21
DA:906,13
DA:908,13
DA:909,1
BRDA:909,77,0,1
DA:910,1
DA:912,19
DA:915,11
BRDA:915,78,0,11
BRDA:912,78,1,1
DA:916,11
DA:918,11
DA:919,8
DA:921,8
DA:924,6
DA:927,6
BRDA:927,79,0,6
BRDA:919,79,1,1
DA:928,6
DA:929,2
DA:930,2
DA:934,2
DA:937,1
BRDA:937,80,0,1
BRDA:929,80,1,1
DA:938,1
DA:939,1
DA:940,1
DA:944,1
DA:945,18
DA:946,18
DA:947,6
BRDA:947,81,0,6
DA:949,6
DA:951,3
BRDA:951,82,0,3
BRDA:949,82,1,3
DA:952,3
DA:953,12
DA:954,9
DA:955,3
BRDA:955,83,0,3
DA:957,3
DA:958,3
DA:959,3
DA:960,3
DA:961,3
DA:962,3
DA:964,3
DA:966,18
FN:969,TandaPay.injectFunds
FNDA:4,TandaPay.injectFunds
DA:971,4
DA:973,4
DA:974,4
DA:975,1
BRDA:975,84,0,1
DA:977,3
DA:978,1
BRDA:978,85,0,1
DA:980,2
DA:982,1
BRDA:982,86,0,1
DA:983,1
DA:984,1
DA:986,1
DA:987,1
DA:988,1
FN:988,TandaPay.divideShortFall
FNDA:5,TandaPay.divideShortFall
DA:990,5
DA:993,5
DA:997,1
BRDA:997,87,0,1
DA:998,1
DA:1000,1
BRDA:1000,88,0,1
DA:1003,3
DA:1004,1
BRDA:1004,89,0,1
DA:1005,2
DA:1006,2
DA:1007,2
DA:1008,2
DA:1009,26
DA:1012,24
DA:1014,17
BRDA:1014,90,0,17
DA:1015,17
BRDA:1015,91,0,17
DA:1017,17
DA:1020,2
BRDA:1020,92,0,2
BRDA:1017,92,1,2
DA:1022,15
BRDA:1022,93,0,2
DA:1024,2
DA:1025,2
DA:1028,2
DA:1029,2
DA:1030,1
BRDA:1030,94,0,1
DA:1031,1
DA:1032,1
DA:1036,2
DA:1037,26
DA:1038,24
DA:1039,24
BRDA:1039,95,0,17
DA:1040,17
BRDA:1040,96,0,17
DA:1041,17
DA:1043,2
DA:1044,2
FN:1045,TandaPay.addAdditionalDay
FNDA:1,TandaPay.addAdditionalDay
DA:1046,1
DA:1052,1
FN:1055,TandaPay.manualCollapsBySecretary
FNDA:13,TandaPay.manualCollapsBySecretary
DA:1057,13
DA:1059,1
BRDA:1059,97,0,1
DA:1061,12
DA:1062,12
DA:1064,12
DA:1065,12
DA:1066,12
DA:1069,12
FN:1072,TandaPay.cancelManualCollapsBySecretary
FNDA:3,TandaPay.cancelManualCollapsBySecretary
DA:1074,3
BRDA:1074,98,0,1
DA:1077,2
DA:1080,1
BRDA:1080,99,0,1
DA:1081,1
DA:1084,1
FN:1086,TandaPay.leaveFromASubGroup
FNDA:2,TandaPay.leaveFromASubGroup
DA:1086,2
DA:1089,2
DA:1094,2
BRDA:1094,100,0,1
DA:1095,1
DA:1096,1
DA:1097,1
DA:1098,5
DA:1099,1
BRDA:1099,101,0,1
DA:1101,1
DA:1102,1
DA:1104,1
DA:1107,1
DA:1108,1
DA:1109,1
DA:1110,1
DA:1111,1
DA:1113,1
DA:1114,1
BRDA:1114,102,0,1
DA:1116,1
DA:1119,3
DA:1122,3
DA:1123,3
DA:1124,3
DA:1126,3
DA:1127,3
DA:1129,3
DA:1130,1
FN:1132,TandaPay.AdvanceToTheNextPeriod
FNDA:174,TandaPay.AdvanceToTheNextPeriod
DA:1134,174
DA:1137,6
BRDA:1137,103,0,1
DA:1138,1
DA:1140,173
DA:1141,85
DA:1142,1
BRDA:1142,104,0,1
DA:1143,172
DA:1144,172
DA:1145,5
BRDA:1145,105,0,5
DA:1146,5
DA:1147,3
DA:1148,2
DA:1149,1
DA:1151,1
DA:1152,1
BRDA:1152,106,0,1
DA:1153,1
DA:1154,172
DA:1155,172
DA:1158,172
BRDA:1158,107,0,172
DA:1161,172
DA:1162,516
DA:1164,516
DA:1165,6
BRDA:1165,108,0,6
DA:1166,6
DA:1167,18
DA:1169,18
DA:1170,12
DA:1176,12
BRDA:1176,109,0,4
DA:1177,4
DA:1179,4
DA:1181,4
DA:1182,4
DA:1185,172
DA:1186,172
DA:1188,2240
DA:1189,943
BRDA:1189,110,0,943
DA:1190,943
DA:1192,172
BRDA:1192,111,0,84
BRDA:1192,112,0,1
DA:1193,1
DA:1194,171
DA:1195,171
DA:1196,171
FN:1197,TandaPay.updateMemberStatus
FNDA:174,TandaPay.updateMemberStatus
DA:1198,174
DA:1199,2266
DA:1200,2092
DA:1201,2092
DA:1202,1021
DA:1203,1020
BRDA:1203,113,0,1020
DA:1204,971
BRDA:1204,114,0,971
BRDA:1203,114,1,8
DA:1207,49
DA:1210,29
DA:1211,8
BRDA:1211,115,0,8
DA:1212,8
DA:1216,1020
DA:1217,972
DA:1219,37
BRDA:1219,116,0,37
DA:1220,37
DA:1221,37
DA:1224,1020
DA:1225,48
DA:1228,40
DA:1229,4
BRDA:1229,117,0,4
DA:1230,4
DA:1231,4
DA:1233,1020
FN:1237,TandaPay.withdrawClaimFund
FNDA:11,TandaPay.withdrawClaimFund
DA:1242,11
DA:1243,11
DA:1244,10
DA:1247,10
DA:1248,1
BRDA:1248,118,0,1
DA:1249,1
DA:1254,10
DA:1255,10
DA:1257,10
DA:1259,1
BRDA:1259,119,0,1
DA:1260,9
BRDA:1260,120,0,1
DA:1262,1
BRDA:1262,121,0,1
DA:1263,7
DA:1268,1
BRDA:1268,122,0,1
DA:1270,6
DA:1271,0
BRDA:1271,123,0,-
DA:1272,0
DA:1276,6
DA:1277,6
DA:1279,6
DA:1280,13
DA:1282,7
BRDA:1282,124,0,7
DA:1283,7
DA:1285,6
DA:1286,6
DA:1287,6
DA:1288,6
DA:1291,6
DA:1292,78
DA:1295,60
BRDA:1295,125,0,60
DA:1305,6
DA:1306,4
BRDA:1306,126,0,4
DA:1307,4
DA:1310,4
DA:1311,6
DA:1333,6
DA:1334,60
BRDA:1334,127,0,60
DA:1335,1
BRDA:1335,128,0,1
DA:1336,1
DA:1337,1
DA:1338,60
DA:1342,60
DA:1345,6
BRDA:1345,129,0,3
DA:1347,3
DA:1349,3
DA:1351,5
DA:1353,5
DA:1355,5
DA:1357,5
DA:1358,16
DA:1362,11
DA:1365,11
BRDA:1365,130,0,11
DA:1367,11
DA:1368,6
DA:1370,5
BRDA:1370,131,0,5
BRDA:1367,131,1,5
DA:1372,6
BRDA:1372,132,0,5
DA:1375,5
DA:1383,5
DA:1392,5
DA:1393,16
DA:1397,11
BRDA:1397,133,0,11
DA:1398,11
DA:1399,11
DA:1407,6
DA:1408,4
BRDA:1408,134,0,4
BRDA:1407,134,1,-
DA:1409,4
DA:1410,4
DA:1412,2
DA:1413,2
FN:1415,TandaPay.submitClaim
FNDA:36,TandaPay.submitClaim
DA:1416,36
DA:1417,35
DA:1418,1
BRDA:1418,135,0,1
DA:1419,35
DA:1420,35
DA:1422,1
BRDA:1422,136,0,1
DA:1423,1
DA:1424,34
DA:1425,33
BRDA:1425,137,0,33
BRDA:1424,137,1,1
DA:1430,1
DA:1431,33
DA:1432,33
DA:1433,33
DA:1435,33
FN:1436,TandaPay.issueRefund
FNDA:39,TandaPay.issueRefund
DA:1437,39
DA:1438,39
DA:1440,39
DA:1445,1
BRDA:1445,138,0,1
DA:1446,1
DA:1447,38
BRDA:1447,139,0,2
DA:1448,2
DA:1449,468
DA:1450,468
DA:1453,432
DA:1454,2
BRDA:1454,140,0,2
DA:1455,2
DA:1457,2
DA:1460,432
DA:1461,432
DA:1463,415
BRDA:1463,141,0,415
DA:1464,415
DA:1466,24
DA:1470,24
BRDA:1470,142,0,24
BRDA:1463,142,1,391
DA:1471,24
DA:1473,24
DA:1474,391
DA:1476,391
DA:1479,391
DA:1481,432
BRDA:1481,143,0,48
DA:1482,48
BRDA:1482,144,0,16
DA:1483,16
DA:1486,16
DA:1489,432
DA:1492,12
BRDA:1492,145,0,12
DA:1493,12
DA:1494,12
DA:1495,36
FN:1496,TandaPay.withdrawRefund
FNDA:2,TandaPay.withdrawRefund
DA:1497,2
DA:1501,2
DA:1502,2
DA:1503,2
DA:1504,1
BRDA:1504,146,0,1
DA:1505,1
DA:1506,1
FN:1507,TandaPay.getPaymentToken
FNDA:2,TandaPay.getPaymentToken
DA:1508,2
FN:1509,TandaPay.getCurrentMemberId
FNDA:2827,TandaPay.getCurrentMemberId
DA:1510,2827
FN:1511,TandaPay.getCurrentSubGroupId
FNDA:606,TandaPay.getCurrentSubGroupId
DA:1512,606
FN:1513,TandaPay.getCurrentClaimId
FNDA:72,TandaPay.getCurrentClaimId
DA:1514,72
FN:1515,TandaPay.getPeriodId
FNDA:342,TandaPay.getPeriodId
DA:1519,342
FN:1519,TandaPay.getTotalCoverage
FNDA:93,TandaPay.getTotalCoverage
DA:1520,93
FN:1520,TandaPay.getBasePremium
FNDA:270,TandaPay.getBasePremium
DA:1522,270
FN:1523,TandaPay.getManuallyCollapsedPeriod
FNDA:6,TandaPay.getManuallyCollapsedPeriod
DA:1525,6
FN:1527,TandaPay.getIsManuallyCollapsed
FNDA:8,TandaPay.getIsManuallyCollapsed
DA:1528,8
FN:1529,TandaPay.getCommunityState
FNDA:126,TandaPay.getCommunityState
DA:1530,126
FN:1531,TandaPay.getSubGroupIdToSubGroupInfo
FNDA:1469,TandaPay.getSubGroupIdToSubGroupInfo
DA:1537,1469
FN:1537,TandaPay.getPeriodIdToClaimIdToClaimInfo
FNDA:53,TandaPay.getPeriodIdToClaimIdToClaimInfo
DA:1541,53
FN:1543,TandaPay.getPeriodIdToClaimIds
FNDA:11,TandaPay.getPeriodIdToClaimIds
DA:1546,11
FN:1549,TandaPay.getPeriodIdToDefectorsId
FNDA:2,TandaPay.getPeriodIdToDefectorsId
DA:1553,2
FN:1553,TandaPay.getPeriodIdToManualCollapse
FNDA:6,TandaPay.getPeriodIdToManualCollapse
DA:1557,6
FN:1559,TandaPay.getMemberToMemberId
FNDA:5,TandaPay.getMemberToMemberId
DA:1562,5
FN:1563,TandaPay.getPeriodIdWhiteListedClaims
FNDA:2,TandaPay.getPeriodIdWhiteListedClaims
DA:1566,2
FN:1568,TandaPay.getMemberToMemberInfo
FNDA:7910,TandaPay.getMemberToMemberInfo
DA:1571,7910
DA:1575,7910
DA:1576,7910
DA:1593,0
FN:1596,TandaPay.getIsAMemberDefectedInPeriod
FNDA:2,TandaPay.getIsAMemberDefectedInPeriod
DA:1599,2
FN:1602,TandaPay.getPeriodIdToPeriodInfo
FNDA:102,TandaPay.getPeriodIdToPeriodInfo
DA:1605,102
FN:1607,TandaPay.getIsAllMemberNotPaidInPeriod
FNDA:1,TandaPay.getIsAllMemberNotPaidInPeriod
DA:1610,1
FNF:69
FNH:69
LF:656
LH:648
BRF:170
BRH:166
end_of_record
TN:
SF:src/Token.sol
FN:37,Context._msgSender
FNDA:9210,Context._msgSender
DA:41,9210
FN:76,Token.
FNDA:156,Token.
DA:77,157
DA:78,308
DA:80,309
FN:82,Token.name
FNDA:1,Token.name
DA:83,1
FN:86,Token.symbol
FNDA:1,Token.symbol
DA:87,1
FN:90,Token.decimals
FNDA:1,Token.decimals
DA:91,1
FN:93,Token.totalSupply
FNDA:1,Token.totalSupply
DA:95,1
FN:98,Token.balanceOf
FNDA:2121,Token.balanceOf
DA:99,2121
FN:102,Token.transfer
FNDA:5965,Token.transfer
DA:103,5965
DA:105,5965
DA:106,5965
FN:107,Token.allowance
FNDA:2016,Token.allowance
DA:112,2016
FN:114,Token.approve
FNDA:1235,Token.approve
DA:117,1235
DA:119,1235
DA:120,1235
DA:122,1235
FN:122,Token.transferFrom
FNDA:2007,Token.transferFrom
DA:128,2007
DA:129,2007
DA:132,2007
FN:133,Token.increaseAllowance
FNDA:2,Token.increaseAllowance
DA:137,2
DA:139,2
DA:142,2
FN:143,Token.decreaseAllowance
FNDA:1,Token.decreaseAllowance
DA:145,1
DA:148,1
DA:149,1
DA:150,1
DA:151,0
BRDA:151,0,0,-
DA:152,0
DA:155,1
DA:158,1
FN:159,Token._transfer
FNDA:7972,Token._transfer
DA:162,7972
BRDA:162,1,0,-
DA:168,7972
BRDA:168,2,0,-
DA:169,7972
FN:170,Token._update
FNDA:8128,Token._update
DA:173,8128
BRDA:173,3,0,154
BRDA:173,3,1,-
DA:174,154
DA:178,7973
BRDA:178,4,0,-
DA:179,0
DA:182,7974
DA:184,156
BRDA:184,5,0,2
BRDA:184,5,1,8126
DA:185,2
DA:188,8127
DA:191,156
FN:193,Token._mint
FNDA:307,Token._mint
DA:196,155
DA:197,0
BRDA:197,6,0,-
DA:201,155
FN:204,Token._burn
FNDA:1,Token._burn
DA:205,1
DA:206,0
BRDA:206,7,0,-
DA:208,1
FN:211,Token._approve
FNDA:1238,Token._approve
DA:213,1238
FN:215,Token._approve
FNDA:3245,Token._approve
DA:222,3245
DA:223,0
BRDA:223,8,0,-
DA:227,3245
DA:228,0
BRDA:228,9,0,-
DA:230,3245
DA:232,1238
BRDA:232,10,0,1238
DA:233,1238
FN:235,Token._spendAllowance
FNDA:2007,Token._spendAllowance
DA:238,2007
DA:239,2007
DA:240,2007
DA:242,2007
BRDA:242,11,0,2007
DA:244,2007
DA:245,0
BRDA:245,12,0,-
DA:246,0
DA:251,2007
FNF:20
FNH:20
LF:65
LH:56
BRF:15
BRH:5
end_of_record
TN:
SF:test/Unit/TandaPayAdditional.t.sol
FN:9,AdditionalContext.msgSender
FNDA:1,AdditionalContext.msgSender
DA:10,1
DA:11,1
FN:11,AdditionalContext.msgData
FNDA:1,AdditionalContext.msgData
DA:14,1
DA:15,1
FN:19,AdditionalSecretary.
FNDA:7,AdditionalSecretary.
FN:20,AdditionalSecretary.transferSecretary
FNDA:1,AdditionalSecretary.transferSecretary
DA:22,1
FN:27,AdditionalReentrancyGuard.reentrancyGuardEntered
FNDA:2,AdditionalReentrancyGuard.reentrancyGuardEntered
DA:28,2
FN:57,AdditionalToken.
FNDA:11,AdditionalToken.
FN:61,AdditionalToken.burn
FNDA:1,AdditionalToken.burn
DA:63,1
FNF:7
FNH:7
LF:7
LH:7
BRF:0
BRH:0
end_of_record
